<?xml version="1.0" encoding="UTF-8"?>
<testsuite xmlns:xsi="http://www.w3.org/2001/XMLSchema-instance" xsi:noNamespaceSchemaLocation="https://maven.apache.org/surefire/maven-surefire-plugin/xsd/surefire-test-report-3.0.xsd" version="3.0" name="jp.co.sfrontier.ss3.game.mapper.MatchResultMapperTest" time="2.169" tests="2" errors="0" skipped="0" failures="0">
  <properties>
[...]
</properties>
  <testcase name="testSelectedByAttackerId" classname="jp.co.sfrontier.ss3.game.mapper.MatchResultMapperTest" time="0.414">
    <system-out><![CDATA[Logging initialized using 'class org.apache.ibatis.logging.stdout.StdOutImpl' adapter.
2025-12-03 14:51:50.549 [main] WARN  o.dbunit.database.DatabaseConnection - The given schema 'GAME' does not exist.
Creating a new SqlSession
SqlSession [org.apache.ibatis.session.defaults.DefaultSqlSession@4fad6218] was not registered for synchronization because synchronization is not active
JDBC Connection [org.hsqldb.jdbc.JDBCConnection@7afbf561] will not be managed by Spring
==>  Preparing: SELECT MATCH_RESULT_ID, ATTACKER_ID, DEFENDER_ID, GAME_ID, MATCH_DATETIME, JUDGE, CREATED_AT, UPDATED_AT, VERSION FROM GAME.MATCH_RESULT WHERE ATTACKER_ID = ? AND GAME_ID = ? ORDER BY MATCH_DATETIME DESC
==> Parameters: 10(Long), 50(Long)
<==    Columns: MATCH_RESULT_ID, ATTACKER_ID, DEFENDER_ID, GAME_ID, MATCH_DATETIME, JUDGE, CREATED_AT, UPDATED_AT, VERSION
<==        Row: 108, 10, 20, 50, 2025-12-01 13:00:00.000000, 1, 2025-12-01 14:00:00.000000, 2025-12-01 15:00:00.000000, 9991
<==        Row: 101, 10, 20, 50, 2025-12-01 12:00:00.000000, 1, 2025-12-01 14:00:00.000000, 2025-12-01 15:00:00.000000, 9991
<==        Row: 106, 10, 25, 50, 2025-12-01 10:00:00.000000, 6, 2025-12-01 14:00:00.000000, 2025-12-01 15:00:00.000000, 9996
<==      Total: 3
Closing non transactional SqlSession [org.apache.ibatis.session.defaults.DefaultSqlSession@4fad6218]
Creating a new SqlSession
SqlSession [org.apache.ibatis.session.defaults.DefaultSqlSession@687e4c93] was not registered for synchronization because synchronization is not active
JDBC Connection [org.hsqldb.jdbc.JDBCConnection@181e72d3] will not be managed by Spring
==>  Preparing: SELECT MATCH_RESULT_ID, ATTACKER_ID, DEFENDER_ID, GAME_ID, MATCH_DATETIME, JUDGE, CREATED_AT, UPDATED_AT, VERSION FROM GAME.MATCH_RESULT WHERE ATTACKER_ID = ? AND GAME_ID = ? ORDER BY MATCH_DATETIME DESC
==> Parameters: 999999(Long), 50(Long)
<==      Total: 0
Closing non transactional SqlSession [org.apache.ibatis.session.defaults.DefaultSqlSession@687e4c93]
]]></system-out>
  </testcase>
  <testcase name="testSelectByPrimeryKey" classname="jp.co.sfrontier.ss3.game.mapper.MatchResultMapperTest" time="0.245">
    <system-out><![CDATA[Creating a new SqlSession
SqlSession [org.apache.ibatis.session.defaults.DefaultSqlSession@636bbbbb] was not registered for synchronization because synchronization is not active
JDBC Connection [org.hsqldb.jdbc.JDBCConnection@7eae3764] will not be managed by Spring
==>  Preparing: select MATCH_RESULT_ID, ATTACKER_ID, DEFENDER_ID, GAME_ID, MATCH_DATETIME, JUDGE, CREATED_AT, UPDATED_AT, VERSION from GAME.MATCH_RESULT where MATCH_RESULT_ID = ?
==> Parameters: 108(Long)
<==    Columns: MATCH_RESULT_ID, ATTACKER_ID, DEFENDER_ID, GAME_ID, MATCH_DATETIME, JUDGE, CREATED_AT, UPDATED_AT, VERSION
<==        Row: 108, 10, 20, 50, 2025-12-01 13:00:00.000000, 1, 2025-12-01 14:00:00.000000, 2025-12-01 15:00:00.000000, 9991
<==      Total: 1
Closing non transactional SqlSession [org.apache.ibatis.session.defaults.DefaultSqlSession@636bbbbb]
Creating a new SqlSession
SqlSession [org.apache.ibatis.session.defaults.DefaultSqlSession@69391e08] was not registered for synchronization because synchronization is not active
JDBC Connection [org.hsqldb.jdbc.JDBCConnection@35eb4a3b] will not be managed by Spring
==>  Preparing: select MATCH_RESULT_ID, ATTACKER_ID, DEFENDER_ID, GAME_ID, MATCH_DATETIME, JUDGE, CREATED_AT, UPDATED_AT, VERSION from GAME.MATCH_RESULT where MATCH_RESULT_ID = ?
==> Parameters: 99999(Long)
<==      Total: 0
Closing non transactional SqlSession [org.apache.ibatis.session.defaults.DefaultSqlSession@69391e08]
]]></system-out>
  </testcase>
</testsuite>